<?xml version="1.0" encoding="UTF-8" ?>
<testsuite tests="4" failures="2" name="testRunner.TestRun" time="131.107" errors="0" skipped="0">
  <properties>
[...]
</properties>
  <testcase classname="Login" name="Login DataDriven validation" time="38.471"/>
  <testcase classname="Login" name="Login DataDriven validation" time="27.455">
    <failure message="expected:&lt;[Dashboard / nopCommerce administratio]n&gt; but was:&lt;[Your store. Logi]n&gt;" type="org.junit.ComparisonFailure">org.junit.ComparisonFailure: expected:&lt;[Dashboard / nopCommerce administratio]n&gt; but was:&lt;[Your store. Logi]n&gt;
	at org.junit.Assert.assertEquals(Assert.java:115)
	at org.junit.Assert.assertEquals(Assert.java:144)
	at stepsDefenitions.LoginPageSteps.page_title_should_be(LoginPageSteps.java:63)
	at ✽.page title should be &quot;Dashboard / nopCommerce administration&quot;(file:Features/Login.feature:21)
</failure>
    <system-out>
  @regression
  Scenario Outline: Login DataDriven validation                        # Features/Login.feature:30
 INFO [main] (LoginPageSteps.java:28)- ----------------Launching the Browser
    Given user launch chrome browser                                   # LoginPageSteps.user_launch_chrome_browser()
 INFO [main] (LoginPageSteps.java:34)- ----------------Opening the URL
    When user open URL &quot;https://admin-demo.nopcommerce.com/login&quot;      # LoginPageSteps.user_open_URL(String)
 INFO [main] (LoginPageSteps.java:40)- ------------Providing the Username----------------
 INFO [main] (LoginPageSteps.java:43)- ------------Providing the Password----------------
    And user enters EmailId as &quot;admin@123&quot; and password as &quot;admin123&quot;  # LoginPageSteps.user_enters_EmailId_as_and_password_as(String,String)
 INFO [main] (LoginPageSteps.java:48)- ------------Clicking on Login Button----------------
    And click on login                                                 # LoginPageSteps.click_on_login()
    Then page title should be &quot;Dashboard / nopCommerce administration&quot; # LoginPageSteps.page_title_should_be(String)
      org.junit.ComparisonFailure: expected:&lt;[Dashboard / nopCommerce administratio]n&gt; but was:&lt;[Your store. Logi]n&gt;
	at org.junit.Assert.assertEquals(Assert.java:115)
	at org.junit.Assert.assertEquals(Assert.java:144)
	at stepsDefenitions.LoginPageSteps.page_title_should_be(LoginPageSteps.java:63)
	at ?.page title should be &quot;Dashboard / nopCommerce administration&quot;(file:Features/Login.feature:21)

    When user click on logout link                                     # LoginPageSteps.user_click_on_logout_link()
    Then page title should be &quot;Your store. Login&quot;                      # LoginPageSteps.page_title_should_be(String)
    And close browser                                                  # LoginPageSteps.close_browser()
</system-out>
    <system-err>Starting ChromeDriver 79.0.3945.36 (3582db32b33893869b8c1339e8f4d9ed1816f143-refs/branch-heads/3945@{#614}) on port 17867
Only local connections are allowed.
Please protect ports used by ChromeDriver and related test frameworks to prevent access by malicious code.
[1578705788.782][WARNING]: Timed out connecting to Chrome, retrying...
Jan 11, 2020 6:53:10 AM org.openqa.selenium.remote.ProtocolHandshake createSession
INFO: Detected dialect: W3C
</system-err>
  </testcase>
  <testcase classname="Login" name="Login DataDriven validation" time="27.616">
    <failure message="expected:&lt;[Dashboard / nopCommerce administratio]n&gt; but was:&lt;[Your store. Logi]n&gt;" type="org.junit.ComparisonFailure">org.junit.ComparisonFailure: expected:&lt;[Dashboard / nopCommerce administratio]n&gt; but was:&lt;[Your store. Logi]n&gt;
	at org.junit.Assert.assertEquals(Assert.java:115)
	at org.junit.Assert.assertEquals(Assert.java:144)
	at stepsDefenitions.LoginPageSteps.page_title_should_be(LoginPageSteps.java:63)
	at ✽.page title should be &quot;Dashboard / nopCommerce administration&quot;(file:Features/Login.feature:21)
</failure>
    <system-out>
  @regression
  Scenario Outline: Login DataDriven validation                        # Features/Login.feature:31
 INFO [main] (LoginPageSteps.java:28)- ----------------Launching the Browser
    Given user launch chrome browser                                   # LoginPageSteps.user_launch_chrome_browser()
 INFO [main] (LoginPageSteps.java:34)- ----------------Opening the URL
    When user open URL &quot;https://admin-demo.nopcommerce.com/login&quot;      # LoginPageSteps.user_open_URL(String)
 INFO [main] (LoginPageSteps.java:40)- ------------Providing the Username----------------
 INFO [main] (LoginPageSteps.java:43)- ------------Providing the Password----------------
    And user enters EmailId as &quot;admin@sapp&quot; and password as &quot;admin&quot;    # LoginPageSteps.user_enters_EmailId_as_and_password_as(String,String)
 INFO [main] (LoginPageSteps.java:48)- ------------Clicking on Login Button----------------
    And click on login                                                 # LoginPageSteps.click_on_login()
    Then page title should be &quot;Dashboard / nopCommerce administration&quot; # LoginPageSteps.page_title_should_be(String)
      org.junit.ComparisonFailure: expected:&lt;[Dashboard / nopCommerce administratio]n&gt; but was:&lt;[Your store. Logi]n&gt;
	at org.junit.Assert.assertEquals(Assert.java:115)
	at org.junit.Assert.assertEquals(Assert.java:144)
	at stepsDefenitions.LoginPageSteps.page_title_should_be(LoginPageSteps.java:63)
	at ?.page title should be &quot;Dashboard / nopCommerce administration&quot;(file:Features/Login.feature:21)

    When user click on logout link                                     # LoginPageSteps.user_click_on_logout_link()
    Then page title should be &quot;Your store. Login&quot;                      # LoginPageSteps.page_title_should_be(String)
    And close browser                                                  # LoginPageSteps.close_browser()
</system-out>
    <system-err>Starting ChromeDriver 79.0.3945.36 (3582db32b33893869b8c1339e8f4d9ed1816f143-refs/branch-heads/3945@{#614}) on port 6567
Only local connections are allowed.
Please protect ports used by ChromeDriver and related test frameworks to prevent access by malicious code.
[1578705816.187][WARNING]: Timed out connecting to Chrome, retrying...
Jan 11, 2020 6:53:38 AM org.openqa.selenium.remote.ProtocolHandshake createSession
INFO: Detected dialect: W3C
</system-err>
  </testcase>
  <testcase classname="Login" name="Login DataDriven validation" time="37.565"/>
</testsuite>